The target system is: Generic -  - 
The host system is: Darwin - 18.6.0 - x86_64
Compiling the C compiler identification source file "CMakeCCompilerId.c" succeeded.
Compiler: /Users/rubeen/dev/esp/xtensa-esp32-elf/bin/xtensa-esp32-elf-gcc 
Build flags: -mlongcalls
Id flags: -c 

The output was:
0


Compilation of the C compiler identification source "CMakeCCompilerId.c" produced "CMakeCCompilerId.o"

The C compiler identification is GNU, found in "/Users/rubeen/dev/esp/projects/led-client/build/bootloader/CMakeFiles/3.13.4/CompilerIdC/CMakeCCompilerId.o"

Compiling the CXX compiler identification source file "CMakeCXXCompilerId.cpp" succeeded.
Compiler: /Users/rubeen/dev/esp/xtensa-esp32-elf/bin/xtensa-esp32-elf-g++ 
Build flags: -mlongcalls
Id flags: -c 

The output was:
0


Compilation of the CXX compiler identification source "CMakeCXXCompilerId.cpp" produced "CMakeCXXCompilerId.o"

The CXX compiler identification is GNU, found in "/Users/rubeen/dev/esp/projects/led-client/build/bootloader/CMakeFiles/3.13.4/CompilerIdCXX/CMakeCXXCompilerId.o"

Checking whether the ASM compiler is GNU using "--version" matched "(GNU assembler)|(GCC)|(Free Software Foundation)":
xtensa-esp32-elf-gcc (crosstool-NG crosstool-ng-1.22.0-80-g6c4433a) 5.2.0
Copyright (C) 2015 Free Software Foundation, Inc.
This is free software; see the source for copying conditions.  There is NO
warranty; not even for MERCHANTABILITY or FITNESS FOR A PARTICULAR PURPOSE.

Determining if the C compiler works passed with the following output:
Change Dir: /Users/rubeen/dev/esp/projects/led-client/build/bootloader/CMakeFiles/CMakeTmp

Run Build Command:"/usr/local/bin/ninja" "cmTC_b0df5"
[1/2] Building C object CMakeFiles/cmTC_b0df5.dir/testCCompiler.c.obj
[2/2] Linking C executable cmTC_b0df5
/Users/rubeen/dev/esp/xtensa-esp32-elf/bin/../lib/gcc/xtensa-esp32-elf/5.2.0/../../../../xtensa-esp32-elf/bin/ld: warning: cannot find entry symbol _start; defaulting to 0000000000400054


Detecting C compiler ABI info compiled with the following output:
Change Dir: /Users/rubeen/dev/esp/projects/led-client/build/bootloader/CMakeFiles/CMakeTmp

Run Build Command:"/usr/local/bin/ninja" "cmTC_8f105"
[1/2] Building C object CMakeFiles/cmTC_8f105.dir/CMakeCCompilerABI.c.obj
[2/2] Linking C executable cmTC_8f105
Using built-in specs.
COLLECT_GCC=/Users/rubeen/dev/esp/xtensa-esp32-elf/bin/xtensa-esp32-elf-gcc
COLLECT_LTO_WRAPPER=/Users/rubeen/dev/esp/xtensa-esp32-elf/bin/../libexec/gcc/xtensa-esp32-elf/5.2.0/lto-wrapper
Target: xtensa-esp32-elf
Configured with: /Volumes/build/idf/crosstool-NG/.build/src/gcc-5.2.0/configure --build=x86_64-build_apple-darwin16.3.0 --host=x86_64-build_apple-darwin16.3.0 --target=xtensa-esp32-elf --prefix=/Volumes/build/idf/crosstool-NG/builds/xtensa-esp32-elf --with-local-prefix=/Volumes/build/idf/crosstool-NG/builds/xtensa-esp32-elf/xtensa-esp32-elf/sysroot --with-sysroot=/Volumes/build/idf/crosstool-NG/builds/xtensa-esp32-elf/xtensa-esp32-elf/sysroot --with-newlib --enable-threads=no --disable-shared --with-pkgversion='crosstool-NG crosstool-ng-1.22.0-80-g6c4433a' --disable-__cxa_atexit --enable-cxx-flags='-fno-rtti -ffunction-sections' --with-gmp=/Volumes/build/idf/crosstool-NG/.build/xtensa-esp32-elf/buildtools --with-mpfr=/Volumes/build/idf/crosstool-NG/.build/xtensa-esp32-elf/buildtools --with-mpc=/Volumes/build/idf/crosstool-NG/.build/xtensa-esp32-elf/buildtools --with-isl=/Volumes/build/idf/crosstool-NG/.build/xtensa-esp32-elf/buildtools --with-cloog=/Volumes/build/idf/crosstool-NG/.build/xtensa-esp32-elf/buildtools --with-libelf=/Volumes/build/idf/crosstool-NG/.build/xtensa-esp32-elf/buildtools --enable-lto --enable-target-optspace --without-long-double-128 --disable-libgomp --disable-libmudflap --disable-libssp --disable-libquadmath --disable-libquadmath-support --disable-nls --enable-languages=c,c++ --disable-libstdcxx-verbose --enable-threads=posix --enable-gcov-custom-rtio
Thread model: posix
gcc version 5.2.0 (crosstool-NG crosstool-ng-1.22.0-80-g6c4433a) 
COMPILER_PATH=/Users/rubeen/dev/esp/xtensa-esp32-elf/bin/../libexec/gcc/xtensa-esp32-elf/5.2.0/:/Users/rubeen/dev/esp/xtensa-esp32-elf/bin/../libexec/gcc/:/Users/rubeen/dev/esp/xtensa-esp32-elf/bin/../lib/gcc/xtensa-esp32-elf/5.2.0/../../../../xtensa-esp32-elf/bin/
LIBRARY_PATH=/Users/rubeen/dev/esp/xtensa-esp32-elf/bin/../lib/gcc/xtensa-esp32-elf/5.2.0/:/Users/rubeen/dev/esp/xtensa-esp32-elf/bin/../lib/gcc/:/Users/rubeen/dev/esp/xtensa-esp32-elf/bin/../lib/gcc/xtensa-esp32-elf/5.2.0/../../../../xtensa-esp32-elf/lib/:/Users/rubeen/dev/esp/xtensa-esp32-elf/bin/../xtensa-esp32-elf/sysroot/lib/:/Users/rubeen/dev/esp/xtensa-esp32-elf/bin/../xtensa-esp32-elf/sysroot/usr/lib/
COLLECT_GCC_OPTIONS='-mlongcalls' '-nostdlib' '-v' '-o' 'cmTC_8f105'
 /Users/rubeen/dev/esp/xtensa-esp32-elf/bin/../libexec/gcc/xtensa-esp32-elf/5.2.0/collect2 -plugin /Users/rubeen/dev/esp/xtensa-esp32-elf/bin/../libexec/gcc/xtensa-esp32-elf/5.2.0/liblto_plugin.so -plugin-opt=/Users/rubeen/dev/esp/xtensa-esp32-elf/bin/../libexec/gcc/xtensa-esp32-elf/5.2.0/lto-wrapper -plugin-opt=-fresolution=/var/folders/pv/34t6hfln4kl4rknslt061hy00000gn/T//ccUJhWbp.res --sysroot=/Users/rubeen/dev/esp/xtensa-esp32-elf/bin/../xtensa-esp32-elf/sysroot -o cmTC_8f105 -L/Users/rubeen/dev/esp/xtensa-esp32-elf/bin/../lib/gcc/xtensa-esp32-elf/5.2.0 -L/Users/rubeen/dev/esp/xtensa-esp32-elf/bin/../lib/gcc -L/Users/rubeen/dev/esp/xtensa-esp32-elf/bin/../lib/gcc/xtensa-esp32-elf/5.2.0/../../../../xtensa-esp32-elf/lib -L/Users/rubeen/dev/esp/xtensa-esp32-elf/bin/../xtensa-esp32-elf/sysroot/lib -L/Users/rubeen/dev/esp/xtensa-esp32-elf/bin/../xtensa-esp32-elf/sysroot/usr/lib CMakeFiles/cmTC_8f105.dir/CMakeCCompilerABI.c.obj
/Users/rubeen/dev/esp/xtensa-esp32-elf/bin/../lib/gcc/xtensa-esp32-elf/5.2.0/../../../../xtensa-esp32-elf/bin/ld: warning: cannot find entry symbol _start; defaulting to 0000000000400074


Parsed C implicit link information from above output:
  link line regex: [^( *|.*[/\])(xtensa-esp32-elf-ld|CMAKE_LINK_STARTFILE-NOTFOUND|([^/\]+-)?ld|collect2)[^/\]*( |$)]
  ignore line: [Change Dir: /Users/rubeen/dev/esp/projects/led-client/build/bootloader/CMakeFiles/CMakeTmp]
  ignore line: []
  ignore line: [Run Build Command:"/usr/local/bin/ninja" "cmTC_8f105"]
  ignore line: [[1/2] Building C object CMakeFiles/cmTC_8f105.dir/CMakeCCompilerABI.c.obj]
  ignore line: [[2/2] Linking C executable cmTC_8f105]
  ignore line: [Using built-in specs.]
  ignore line: [COLLECT_GCC=/Users/rubeen/dev/esp/xtensa-esp32-elf/bin/xtensa-esp32-elf-gcc]
  ignore line: [COLLECT_LTO_WRAPPER=/Users/rubeen/dev/esp/xtensa-esp32-elf/bin/../libexec/gcc/xtensa-esp32-elf/5.2.0/lto-wrapper]
  ignore line: [Target: xtensa-esp32-elf]
  ignore line: [Configured with: /Volumes/build/idf/crosstool-NG/.build/src/gcc-5.2.0/configure --build=x86_64-build_apple-darwin16.3.0 --host=x86_64-build_apple-darwin16.3.0 --target=xtensa-esp32-elf --prefix=/Volumes/build/idf/crosstool-NG/builds/xtensa-esp32-elf --with-local-prefix=/Volumes/build/idf/crosstool-NG/builds/xtensa-esp32-elf/xtensa-esp32-elf/sysroot --with-sysroot=/Volumes/build/idf/crosstool-NG/builds/xtensa-esp32-elf/xtensa-esp32-elf/sysroot --with-newlib --enable-threads=no --disable-shared --with-pkgversion='crosstool-NG crosstool-ng-1.22.0-80-g6c4433a' --disable-__cxa_atexit --enable-cxx-flags='-fno-rtti -ffunction-sections' --with-gmp=/Volumes/build/idf/crosstool-NG/.build/xtensa-esp32-elf/buildtools --with-mpfr=/Volumes/build/idf/crosstool-NG/.build/xtensa-esp32-elf/buildtools --with-mpc=/Volumes/build/idf/crosstool-NG/.build/xtensa-esp32-elf/buildtools --with-isl=/Volumes/build/idf/crosstool-NG/.build/xtensa-esp32-elf/buildtools --with-cloog=/Volumes/build/idf/crosstool-NG/.build/xtensa-esp32-elf/buildtools --with-libelf=/Volumes/build/idf/crosstool-NG/.build/xtensa-esp32-elf/buildtools --enable-lto --enable-target-optspace --without-long-double-128 --disable-libgomp --disable-libmudflap --disable-libssp --disable-libquadmath --disable-libquadmath-support --disable-nls --enable-languages=c,c++ --disable-libstdcxx-verbose --enable-threads=posix --enable-gcov-custom-rtio]
  ignore line: [Thread model: posix]
  ignore line: [gcc version 5.2.0 (crosstool-NG crosstool-ng-1.22.0-80-g6c4433a) ]
  ignore line: [COMPILER_PATH=/Users/rubeen/dev/esp/xtensa-esp32-elf/bin/../libexec/gcc/xtensa-esp32-elf/5.2.0/:/Users/rubeen/dev/esp/xtensa-esp32-elf/bin/../libexec/gcc/:/Users/rubeen/dev/esp/xtensa-esp32-elf/bin/../lib/gcc/xtensa-esp32-elf/5.2.0/../../../../xtensa-esp32-elf/bin/]
  ignore line: [LIBRARY_PATH=/Users/rubeen/dev/esp/xtensa-esp32-elf/bin/../lib/gcc/xtensa-esp32-elf/5.2.0/:/Users/rubeen/dev/esp/xtensa-esp32-elf/bin/../lib/gcc/:/Users/rubeen/dev/esp/xtensa-esp32-elf/bin/../lib/gcc/xtensa-esp32-elf/5.2.0/../../../../xtensa-esp32-elf/lib/:/Users/rubeen/dev/esp/xtensa-esp32-elf/bin/../xtensa-esp32-elf/sysroot/lib/:/Users/rubeen/dev/esp/xtensa-esp32-elf/bin/../xtensa-esp32-elf/sysroot/usr/lib/]
  ignore line: [COLLECT_GCC_OPTIONS='-mlongcalls' '-nostdlib' '-v' '-o' 'cmTC_8f105']
  link line: [ /Users/rubeen/dev/esp/xtensa-esp32-elf/bin/../libexec/gcc/xtensa-esp32-elf/5.2.0/collect2 -plugin /Users/rubeen/dev/esp/xtensa-esp32-elf/bin/../libexec/gcc/xtensa-esp32-elf/5.2.0/liblto_plugin.so -plugin-opt=/Users/rubeen/dev/esp/xtensa-esp32-elf/bin/../libexec/gcc/xtensa-esp32-elf/5.2.0/lto-wrapper -plugin-opt=-fresolution=/var/folders/pv/34t6hfln4kl4rknslt061hy00000gn/T//ccUJhWbp.res --sysroot=/Users/rubeen/dev/esp/xtensa-esp32-elf/bin/../xtensa-esp32-elf/sysroot -o cmTC_8f105 -L/Users/rubeen/dev/esp/xtensa-esp32-elf/bin/../lib/gcc/xtensa-esp32-elf/5.2.0 -L/Users/rubeen/dev/esp/xtensa-esp32-elf/bin/../lib/gcc -L/Users/rubeen/dev/esp/xtensa-esp32-elf/bin/../lib/gcc/xtensa-esp32-elf/5.2.0/../../../../xtensa-esp32-elf/lib -L/Users/rubeen/dev/esp/xtensa-esp32-elf/bin/../xtensa-esp32-elf/sysroot/lib -L/Users/rubeen/dev/esp/xtensa-esp32-elf/bin/../xtensa-esp32-elf/sysroot/usr/lib CMakeFiles/cmTC_8f105.dir/CMakeCCompilerABI.c.obj]
    arg [/Users/rubeen/dev/esp/xtensa-esp32-elf/bin/../libexec/gcc/xtensa-esp32-elf/5.2.0/collect2] ==> ignore
    arg [-plugin] ==> ignore
    arg [/Users/rubeen/dev/esp/xtensa-esp32-elf/bin/../libexec/gcc/xtensa-esp32-elf/5.2.0/liblto_plugin.so] ==> ignore
    arg [-plugin-opt=/Users/rubeen/dev/esp/xtensa-esp32-elf/bin/../libexec/gcc/xtensa-esp32-elf/5.2.0/lto-wrapper] ==> ignore
    arg [-plugin-opt=-fresolution=/var/folders/pv/34t6hfln4kl4rknslt061hy00000gn/T//ccUJhWbp.res] ==> ignore
    arg [--sysroot=/Users/rubeen/dev/esp/xtensa-esp32-elf/bin/../xtensa-esp32-elf/sysroot] ==> ignore
    arg [-o] ==> ignore
    arg [cmTC_8f105] ==> ignore
    arg [-L/Users/rubeen/dev/esp/xtensa-esp32-elf/bin/../lib/gcc/xtensa-esp32-elf/5.2.0] ==> dir [/Users/rubeen/dev/esp/xtensa-esp32-elf/bin/../lib/gcc/xtensa-esp32-elf/5.2.0]
    arg [-L/Users/rubeen/dev/esp/xtensa-esp32-elf/bin/../lib/gcc] ==> dir [/Users/rubeen/dev/esp/xtensa-esp32-elf/bin/../lib/gcc]
    arg [-L/Users/rubeen/dev/esp/xtensa-esp32-elf/bin/../lib/gcc/xtensa-esp32-elf/5.2.0/../../../../xtensa-esp32-elf/lib] ==> dir [/Users/rubeen/dev/esp/xtensa-esp32-elf/bin/../lib/gcc/xtensa-esp32-elf/5.2.0/../../../../xtensa-esp32-elf/lib]
    arg [-L/Users/rubeen/dev/esp/xtensa-esp32-elf/bin/../xtensa-esp32-elf/sysroot/lib] ==> dir [/Users/rubeen/dev/esp/xtensa-esp32-elf/bin/../xtensa-esp32-elf/sysroot/lib]
    arg [-L/Users/rubeen/dev/esp/xtensa-esp32-elf/bin/../xtensa-esp32-elf/sysroot/usr/lib] ==> dir [/Users/rubeen/dev/esp/xtensa-esp32-elf/bin/../xtensa-esp32-elf/sysroot/usr/lib]
    arg [CMakeFiles/cmTC_8f105.dir/CMakeCCompilerABI.c.obj] ==> ignore
  collapse library dir [/Users/rubeen/dev/esp/xtensa-esp32-elf/bin/../lib/gcc/xtensa-esp32-elf/5.2.0] ==> [/Users/rubeen/dev/esp/xtensa-esp32-elf/lib/gcc/xtensa-esp32-elf/5.2.0]
  collapse library dir [/Users/rubeen/dev/esp/xtensa-esp32-elf/bin/../lib/gcc] ==> [/Users/rubeen/dev/esp/xtensa-esp32-elf/lib/gcc]
  collapse library dir [/Users/rubeen/dev/esp/xtensa-esp32-elf/bin/../lib/gcc/xtensa-esp32-elf/5.2.0/../../../../xtensa-esp32-elf/lib] ==> [/Users/rubeen/dev/esp/xtensa-esp32-elf/xtensa-esp32-elf/lib]
  collapse library dir [/Users/rubeen/dev/esp/xtensa-esp32-elf/bin/../xtensa-esp32-elf/sysroot/lib] ==> [/Users/rubeen/dev/esp/xtensa-esp32-elf/xtensa-esp32-elf/sysroot/lib]
  collapse library dir [/Users/rubeen/dev/esp/xtensa-esp32-elf/bin/../xtensa-esp32-elf/sysroot/usr/lib] ==> [/Users/rubeen/dev/esp/xtensa-esp32-elf/xtensa-esp32-elf/sysroot/usr/lib]
  implicit libs: []
  implicit dirs: [/Users/rubeen/dev/esp/xtensa-esp32-elf/lib/gcc/xtensa-esp32-elf/5.2.0;/Users/rubeen/dev/esp/xtensa-esp32-elf/lib/gcc;/Users/rubeen/dev/esp/xtensa-esp32-elf/xtensa-esp32-elf/lib;/Users/rubeen/dev/esp/xtensa-esp32-elf/xtensa-esp32-elf/sysroot/lib;/Users/rubeen/dev/esp/xtensa-esp32-elf/xtensa-esp32-elf/sysroot/usr/lib]
  implicit fwks: []




Detecting C [-std=c11] compiler features compiled with the following output:
Change Dir: /Users/rubeen/dev/esp/projects/led-client/build/bootloader/CMakeFiles/CMakeTmp

Run Build Command:"/usr/local/bin/ninja" "cmTC_c3c2f"
[1/2] Building C object CMakeFiles/cmTC_c3c2f.dir/feature_tests.c.obj
[2/2] Linking C executable cmTC_c3c2f
/Users/rubeen/dev/esp/xtensa-esp32-elf/bin/../lib/gcc/xtensa-esp32-elf/5.2.0/../../../../xtensa-esp32-elf/bin/ld: warning: cannot find entry symbol _start; defaulting to 0000000000400074


    Feature record: C_FEATURE:1c_function_prototypes
    Feature record: C_FEATURE:1c_restrict
    Feature record: C_FEATURE:1c_static_assert
    Feature record: C_FEATURE:1c_variadic_macros


Detecting C [-std=c99] compiler features compiled with the following output:
Change Dir: /Users/rubeen/dev/esp/projects/led-client/build/bootloader/CMakeFiles/CMakeTmp

Run Build Command:"/usr/local/bin/ninja" "cmTC_d5f1c"
[1/2] Building C object CMakeFiles/cmTC_d5f1c.dir/feature_tests.c.obj
[2/2] Linking C executable cmTC_d5f1c
/Users/rubeen/dev/esp/xtensa-esp32-elf/bin/../lib/gcc/xtensa-esp32-elf/5.2.0/../../../../xtensa-esp32-elf/bin/ld: warning: cannot find entry symbol _start; defaulting to 0000000000400074


    Feature record: C_FEATURE:1c_function_prototypes
    Feature record: C_FEATURE:1c_restrict
    Feature record: C_FEATURE:0c_static_assert
    Feature record: C_FEATURE:1c_variadic_macros


Detecting C [-std=c90] compiler features compiled with the following output:
Change Dir: /Users/rubeen/dev/esp/projects/led-client/build/bootloader/CMakeFiles/CMakeTmp

Run Build Command:"/usr/local/bin/ninja" "cmTC_3f238"
[1/2] Building C object CMakeFiles/cmTC_3f238.dir/feature_tests.c.obj
[2/2] Linking C executable cmTC_3f238
/Users/rubeen/dev/esp/xtensa-esp32-elf/bin/../lib/gcc/xtensa-esp32-elf/5.2.0/../../../../xtensa-esp32-elf/bin/ld: warning: cannot find entry symbol _start; defaulting to 0000000000400074


    Feature record: C_FEATURE:1c_function_prototypes
    Feature record: C_FEATURE:0c_restrict
    Feature record: C_FEATURE:0c_static_assert
    Feature record: C_FEATURE:0c_variadic_macros
Determining if the CXX compiler works passed with the following output:
Change Dir: /Users/rubeen/dev/esp/projects/led-client/build/bootloader/CMakeFiles/CMakeTmp

Run Build Command:"/usr/local/bin/ninja" "cmTC_08773"
[1/2] Building CXX object CMakeFiles/cmTC_08773.dir/testCXXCompiler.cxx.obj
[2/2] Linking CXX executable cmTC_08773
/Users/rubeen/dev/esp/xtensa-esp32-elf/bin/../lib/gcc/xtensa-esp32-elf/5.2.0/../../../../xtensa-esp32-elf/bin/ld: warning: cannot find entry symbol _start; defaulting to 0000000000400054


Detecting CXX compiler ABI info compiled with the following output:
Change Dir: /Users/rubeen/dev/esp/projects/led-client/build/bootloader/CMakeFiles/CMakeTmp

Run Build Command:"/usr/local/bin/ninja" "cmTC_e9dc3"
[1/2] Building CXX object CMakeFiles/cmTC_e9dc3.dir/CMakeCXXCompilerABI.cpp.obj
[2/2] Linking CXX executable cmTC_e9dc3
Using built-in specs.
COLLECT_GCC=/Users/rubeen/dev/esp/xtensa-esp32-elf/bin/xtensa-esp32-elf-g++
COLLECT_LTO_WRAPPER=/Users/rubeen/dev/esp/xtensa-esp32-elf/bin/../libexec/gcc/xtensa-esp32-elf/5.2.0/lto-wrapper
Target: xtensa-esp32-elf
Configured with: /Volumes/build/idf/crosstool-NG/.build/src/gcc-5.2.0/configure --build=x86_64-build_apple-darwin16.3.0 --host=x86_64-build_apple-darwin16.3.0 --target=xtensa-esp32-elf --prefix=/Volumes/build/idf/crosstool-NG/builds/xtensa-esp32-elf --with-local-prefix=/Volumes/build/idf/crosstool-NG/builds/xtensa-esp32-elf/xtensa-esp32-elf/sysroot --with-sysroot=/Volumes/build/idf/crosstool-NG/builds/xtensa-esp32-elf/xtensa-esp32-elf/sysroot --with-newlib --enable-threads=no --disable-shared --with-pkgversion='crosstool-NG crosstool-ng-1.22.0-80-g6c4433a' --disable-__cxa_atexit --enable-cxx-flags='-fno-rtti -ffunction-sections' --with-gmp=/Volumes/build/idf/crosstool-NG/.build/xtensa-esp32-elf/buildtools --with-mpfr=/Volumes/build/idf/crosstool-NG/.build/xtensa-esp32-elf/buildtools --with-mpc=/Volumes/build/idf/crosstool-NG/.build/xtensa-esp32-elf/buildtools --with-isl=/Volumes/build/idf/crosstool-NG/.build/xtensa-esp32-elf/buildtools --with-cloog=/Volumes/build/idf/crosstool-NG/.build/xtensa-esp32-elf/buildtools --with-libelf=/Volumes/build/idf/crosstool-NG/.build/xtensa-esp32-elf/buildtools --enable-lto --enable-target-optspace --without-long-double-128 --disable-libgomp --disable-libmudflap --disable-libssp --disable-libquadmath --disable-libquadmath-support --disable-nls --enable-languages=c,c++ --disable-libstdcxx-verbose --enable-threads=posix --enable-gcov-custom-rtio
Thread model: posix
gcc version 5.2.0 (crosstool-NG crosstool-ng-1.22.0-80-g6c4433a) 
COMPILER_PATH=/Users/rubeen/dev/esp/xtensa-esp32-elf/bin/../libexec/gcc/xtensa-esp32-elf/5.2.0/:/Users/rubeen/dev/esp/xtensa-esp32-elf/bin/../libexec/gcc/:/Users/rubeen/dev/esp/xtensa-esp32-elf/bin/../lib/gcc/xtensa-esp32-elf/5.2.0/../../../../xtensa-esp32-elf/bin/
LIBRARY_PATH=/Users/rubeen/dev/esp/xtensa-esp32-elf/bin/../lib/gcc/xtensa-esp32-elf/5.2.0/:/Users/rubeen/dev/esp/xtensa-esp32-elf/bin/../lib/gcc/:/Users/rubeen/dev/esp/xtensa-esp32-elf/bin/../lib/gcc/xtensa-esp32-elf/5.2.0/../../../../xtensa-esp32-elf/lib/:/Users/rubeen/dev/esp/xtensa-esp32-elf/bin/../xtensa-esp32-elf/sysroot/lib/:/Users/rubeen/dev/esp/xtensa-esp32-elf/bin/../xtensa-esp32-elf/sysroot/usr/lib/
COLLECT_GCC_OPTIONS='-mlongcalls' '-nostdlib' '-v' '-o' 'cmTC_e9dc3'
 /Users/rubeen/dev/esp/xtensa-esp32-elf/bin/../libexec/gcc/xtensa-esp32-elf/5.2.0/collect2 -plugin /Users/rubeen/dev/esp/xtensa-esp32-elf/bin/../libexec/gcc/xtensa-esp32-elf/5.2.0/liblto_plugin.so -plugin-opt=/Users/rubeen/dev/esp/xtensa-esp32-elf/bin/../libexec/gcc/xtensa-esp32-elf/5.2.0/lto-wrapper -plugin-opt=-fresolution=/var/folders/pv/34t6hfln4kl4rknslt061hy00000gn/T//ccDAFz1v.res --sysroot=/Users/rubeen/dev/esp/xtensa-esp32-elf/bin/../xtensa-esp32-elf/sysroot -o cmTC_e9dc3 -L/Users/rubeen/dev/esp/xtensa-esp32-elf/bin/../lib/gcc/xtensa-esp32-elf/5.2.0 -L/Users/rubeen/dev/esp/xtensa-esp32-elf/bin/../lib/gcc -L/Users/rubeen/dev/esp/xtensa-esp32-elf/bin/../lib/gcc/xtensa-esp32-elf/5.2.0/../../../../xtensa-esp32-elf/lib -L/Users/rubeen/dev/esp/xtensa-esp32-elf/bin/../xtensa-esp32-elf/sysroot/lib -L/Users/rubeen/dev/esp/xtensa-esp32-elf/bin/../xtensa-esp32-elf/sysroot/usr/lib CMakeFiles/cmTC_e9dc3.dir/CMakeCXXCompilerABI.cpp.obj
/Users/rubeen/dev/esp/xtensa-esp32-elf/bin/../lib/gcc/xtensa-esp32-elf/5.2.0/../../../../xtensa-esp32-elf/bin/ld: warning: cannot find entry symbol _start; defaulting to 0000000000400074


Parsed CXX implicit link information from above output:
  link line regex: [^( *|.*[/\])(xtensa-esp32-elf-ld|CMAKE_LINK_STARTFILE-NOTFOUND|([^/\]+-)?ld|collect2)[^/\]*( |$)]
  ignore line: [Change Dir: /Users/rubeen/dev/esp/projects/led-client/build/bootloader/CMakeFiles/CMakeTmp]
  ignore line: []
  ignore line: [Run Build Command:"/usr/local/bin/ninja" "cmTC_e9dc3"]
  ignore line: [[1/2] Building CXX object CMakeFiles/cmTC_e9dc3.dir/CMakeCXXCompilerABI.cpp.obj]
  ignore line: [[2/2] Linking CXX executable cmTC_e9dc3]
  ignore line: [Using built-in specs.]
  ignore line: [COLLECT_GCC=/Users/rubeen/dev/esp/xtensa-esp32-elf/bin/xtensa-esp32-elf-g++]
  ignore line: [COLLECT_LTO_WRAPPER=/Users/rubeen/dev/esp/xtensa-esp32-elf/bin/../libexec/gcc/xtensa-esp32-elf/5.2.0/lto-wrapper]
  ignore line: [Target: xtensa-esp32-elf]
  ignore line: [Configured with: /Volumes/build/idf/crosstool-NG/.build/src/gcc-5.2.0/configure --build=x86_64-build_apple-darwin16.3.0 --host=x86_64-build_apple-darwin16.3.0 --target=xtensa-esp32-elf --prefix=/Volumes/build/idf/crosstool-NG/builds/xtensa-esp32-elf --with-local-prefix=/Volumes/build/idf/crosstool-NG/builds/xtensa-esp32-elf/xtensa-esp32-elf/sysroot --with-sysroot=/Volumes/build/idf/crosstool-NG/builds/xtensa-esp32-elf/xtensa-esp32-elf/sysroot --with-newlib --enable-threads=no --disable-shared --with-pkgversion='crosstool-NG crosstool-ng-1.22.0-80-g6c4433a' --disable-__cxa_atexit --enable-cxx-flags='-fno-rtti -ffunction-sections' --with-gmp=/Volumes/build/idf/crosstool-NG/.build/xtensa-esp32-elf/buildtools --with-mpfr=/Volumes/build/idf/crosstool-NG/.build/xtensa-esp32-elf/buildtools --with-mpc=/Volumes/build/idf/crosstool-NG/.build/xtensa-esp32-elf/buildtools --with-isl=/Volumes/build/idf/crosstool-NG/.build/xtensa-esp32-elf/buildtools --with-cloog=/Volumes/build/idf/crosstool-NG/.build/xtensa-esp32-elf/buildtools --with-libelf=/Volumes/build/idf/crosstool-NG/.build/xtensa-esp32-elf/buildtools --enable-lto --enable-target-optspace --without-long-double-128 --disable-libgomp --disable-libmudflap --disable-libssp --disable-libquadmath --disable-libquadmath-support --disable-nls --enable-languages=c,c++ --disable-libstdcxx-verbose --enable-threads=posix --enable-gcov-custom-rtio]
  ignore line: [Thread model: posix]
  ignore line: [gcc version 5.2.0 (crosstool-NG crosstool-ng-1.22.0-80-g6c4433a) ]
  ignore line: [COMPILER_PATH=/Users/rubeen/dev/esp/xtensa-esp32-elf/bin/../libexec/gcc/xtensa-esp32-elf/5.2.0/:/Users/rubeen/dev/esp/xtensa-esp32-elf/bin/../libexec/gcc/:/Users/rubeen/dev/esp/xtensa-esp32-elf/bin/../lib/gcc/xtensa-esp32-elf/5.2.0/../../../../xtensa-esp32-elf/bin/]
  ignore line: [LIBRARY_PATH=/Users/rubeen/dev/esp/xtensa-esp32-elf/bin/../lib/gcc/xtensa-esp32-elf/5.2.0/:/Users/rubeen/dev/esp/xtensa-esp32-elf/bin/../lib/gcc/:/Users/rubeen/dev/esp/xtensa-esp32-elf/bin/../lib/gcc/xtensa-esp32-elf/5.2.0/../../../../xtensa-esp32-elf/lib/:/Users/rubeen/dev/esp/xtensa-esp32-elf/bin/../xtensa-esp32-elf/sysroot/lib/:/Users/rubeen/dev/esp/xtensa-esp32-elf/bin/../xtensa-esp32-elf/sysroot/usr/lib/]
  ignore line: [COLLECT_GCC_OPTIONS='-mlongcalls' '-nostdlib' '-v' '-o' 'cmTC_e9dc3']
  link line: [ /Users/rubeen/dev/esp/xtensa-esp32-elf/bin/../libexec/gcc/xtensa-esp32-elf/5.2.0/collect2 -plugin /Users/rubeen/dev/esp/xtensa-esp32-elf/bin/../libexec/gcc/xtensa-esp32-elf/5.2.0/liblto_plugin.so -plugin-opt=/Users/rubeen/dev/esp/xtensa-esp32-elf/bin/../libexec/gcc/xtensa-esp32-elf/5.2.0/lto-wrapper -plugin-opt=-fresolution=/var/folders/pv/34t6hfln4kl4rknslt061hy00000gn/T//ccDAFz1v.res --sysroot=/Users/rubeen/dev/esp/xtensa-esp32-elf/bin/../xtensa-esp32-elf/sysroot -o cmTC_e9dc3 -L/Users/rubeen/dev/esp/xtensa-esp32-elf/bin/../lib/gcc/xtensa-esp32-elf/5.2.0 -L/Users/rubeen/dev/esp/xtensa-esp32-elf/bin/../lib/gcc -L/Users/rubeen/dev/esp/xtensa-esp32-elf/bin/../lib/gcc/xtensa-esp32-elf/5.2.0/../../../../xtensa-esp32-elf/lib -L/Users/rubeen/dev/esp/xtensa-esp32-elf/bin/../xtensa-esp32-elf/sysroot/lib -L/Users/rubeen/dev/esp/xtensa-esp32-elf/bin/../xtensa-esp32-elf/sysroot/usr/lib CMakeFiles/cmTC_e9dc3.dir/CMakeCXXCompilerABI.cpp.obj]
    arg [/Users/rubeen/dev/esp/xtensa-esp32-elf/bin/../libexec/gcc/xtensa-esp32-elf/5.2.0/collect2] ==> ignore
    arg [-plugin] ==> ignore
    arg [/Users/rubeen/dev/esp/xtensa-esp32-elf/bin/../libexec/gcc/xtensa-esp32-elf/5.2.0/liblto_plugin.so] ==> ignore
    arg [-plugin-opt=/Users/rubeen/dev/esp/xtensa-esp32-elf/bin/../libexec/gcc/xtensa-esp32-elf/5.2.0/lto-wrapper] ==> ignore
    arg [-plugin-opt=-fresolution=/var/folders/pv/34t6hfln4kl4rknslt061hy00000gn/T//ccDAFz1v.res] ==> ignore
    arg [--sysroot=/Users/rubeen/dev/esp/xtensa-esp32-elf/bin/../xtensa-esp32-elf/sysroot] ==> ignore
    arg [-o] ==> ignore
    arg [cmTC_e9dc3] ==> ignore
    arg [-L/Users/rubeen/dev/esp/xtensa-esp32-elf/bin/../lib/gcc/xtensa-esp32-elf/5.2.0] ==> dir [/Users/rubeen/dev/esp/xtensa-esp32-elf/bin/../lib/gcc/xtensa-esp32-elf/5.2.0]
    arg [-L/Users/rubeen/dev/esp/xtensa-esp32-elf/bin/../lib/gcc] ==> dir [/Users/rubeen/dev/esp/xtensa-esp32-elf/bin/../lib/gcc]
    arg [-L/Users/rubeen/dev/esp/xtensa-esp32-elf/bin/../lib/gcc/xtensa-esp32-elf/5.2.0/../../../../xtensa-esp32-elf/lib] ==> dir [/Users/rubeen/dev/esp/xtensa-esp32-elf/bin/../lib/gcc/xtensa-esp32-elf/5.2.0/../../../../xtensa-esp32-elf/lib]
    arg [-L/Users/rubeen/dev/esp/xtensa-esp32-elf/bin/../xtensa-esp32-elf/sysroot/lib] ==> dir [/Users/rubeen/dev/esp/xtensa-esp32-elf/bin/../xtensa-esp32-elf/sysroot/lib]
    arg [-L/Users/rubeen/dev/esp/xtensa-esp32-elf/bin/../xtensa-esp32-elf/sysroot/usr/lib] ==> dir [/Users/rubeen/dev/esp/xtensa-esp32-elf/bin/../xtensa-esp32-elf/sysroot/usr/lib]
    arg [CMakeFiles/cmTC_e9dc3.dir/CMakeCXXCompilerABI.cpp.obj] ==> ignore
  collapse library dir [/Users/rubeen/dev/esp/xtensa-esp32-elf/bin/../lib/gcc/xtensa-esp32-elf/5.2.0] ==> [/Users/rubeen/dev/esp/xtensa-esp32-elf/lib/gcc/xtensa-esp32-elf/5.2.0]
  collapse library dir [/Users/rubeen/dev/esp/xtensa-esp32-elf/bin/../lib/gcc] ==> [/Users/rubeen/dev/esp/xtensa-esp32-elf/lib/gcc]
  collapse library dir [/Users/rubeen/dev/esp/xtensa-esp32-elf/bin/../lib/gcc/xtensa-esp32-elf/5.2.0/../../../../xtensa-esp32-elf/lib] ==> [/Users/rubeen/dev/esp/xtensa-esp32-elf/xtensa-esp32-elf/lib]
  collapse library dir [/Users/rubeen/dev/esp/xtensa-esp32-elf/bin/../xtensa-esp32-elf/sysroot/lib] ==> [/Users/rubeen/dev/esp/xtensa-esp32-elf/xtensa-esp32-elf/sysroot/lib]
  collapse library dir [/Users/rubeen/dev/esp/xtensa-esp32-elf/bin/../xtensa-esp32-elf/sysroot/usr/lib] ==> [/Users/rubeen/dev/esp/xtensa-esp32-elf/xtensa-esp32-elf/sysroot/usr/lib]
  implicit libs: []
  implicit dirs: [/Users/rubeen/dev/esp/xtensa-esp32-elf/lib/gcc/xtensa-esp32-elf/5.2.0;/Users/rubeen/dev/esp/xtensa-esp32-elf/lib/gcc;/Users/rubeen/dev/esp/xtensa-esp32-elf/xtensa-esp32-elf/lib;/Users/rubeen/dev/esp/xtensa-esp32-elf/xtensa-esp32-elf/sysroot/lib;/Users/rubeen/dev/esp/xtensa-esp32-elf/xtensa-esp32-elf/sysroot/usr/lib]
  implicit fwks: []




Detecting CXX [-std=c++1z] compiler features compiled with the following output:
Change Dir: /Users/rubeen/dev/esp/projects/led-client/build/bootloader/CMakeFiles/CMakeTmp

Run Build Command:"/usr/local/bin/ninja" "cmTC_52103"
[1/2] Building CXX object CMakeFiles/cmTC_52103.dir/feature_tests.cxx.obj
[2/2] Linking CXX executable cmTC_52103
/Users/rubeen/dev/esp/xtensa-esp32-elf/bin/../lib/gcc/xtensa-esp32-elf/5.2.0/../../../../xtensa-esp32-elf/bin/ld: warning: cannot find entry symbol _start; defaulting to 0000000000400074


    Feature record: CXX_FEATURE:1cxx_aggregate_default_initializers
    Feature record: CXX_FEATURE:1cxx_alias_templates
    Feature record: CXX_FEATURE:1cxx_alignas
    Feature record: CXX_FEATURE:1cxx_alignof
    Feature record: CXX_FEATURE:1cxx_attributes
    Feature record: CXX_FEATURE:1cxx_attribute_deprecated
    Feature record: CXX_FEATURE:1cxx_auto_type
    Feature record: CXX_FEATURE:1cxx_binary_literals
    Feature record: CXX_FEATURE:1cxx_constexpr
    Feature record: CXX_FEATURE:1cxx_contextual_conversions
    Feature record: CXX_FEATURE:1cxx_decltype
    Feature record: CXX_FEATURE:1cxx_decltype_auto
    Feature record: CXX_FEATURE:1cxx_decltype_incomplete_return_types
    Feature record: CXX_FEATURE:1cxx_default_function_template_args
    Feature record: CXX_FEATURE:1cxx_defaulted_functions
    Feature record: CXX_FEATURE:1cxx_defaulted_move_initializers
    Feature record: CXX_FEATURE:1cxx_delegating_constructors
    Feature record: CXX_FEATURE:1cxx_deleted_functions
    Feature record: CXX_FEATURE:1cxx_digit_separators
    Feature record: CXX_FEATURE:1cxx_enum_forward_declarations
    Feature record: CXX_FEATURE:1cxx_explicit_conversions
    Feature record: CXX_FEATURE:1cxx_extended_friend_declarations
    Feature record: CXX_FEATURE:1cxx_extern_templates
    Feature record: CXX_FEATURE:1cxx_final
    Feature record: CXX_FEATURE:1cxx_func_identifier
    Feature record: CXX_FEATURE:1cxx_generalized_initializers
    Feature record: CXX_FEATURE:1cxx_generic_lambdas
    Feature record: CXX_FEATURE:1cxx_inheriting_constructors
    Feature record: CXX_FEATURE:1cxx_inline_namespaces
    Feature record: CXX_FEATURE:1cxx_lambdas
    Feature record: CXX_FEATURE:1cxx_lambda_init_captures
    Feature record: CXX_FEATURE:1cxx_local_type_template_args
    Feature record: CXX_FEATURE:1cxx_long_long_type
    Feature record: CXX_FEATURE:1cxx_noexcept
    Feature record: CXX_FEATURE:1cxx_nonstatic_member_init
    Feature record: CXX_FEATURE:1cxx_nullptr
    Feature record: CXX_FEATURE:1cxx_override
    Feature record: CXX_FEATURE:1cxx_range_for
    Feature record: CXX_FEATURE:1cxx_raw_string_literals
    Feature record: CXX_FEATURE:1cxx_reference_qualified_functions
    Feature record: CXX_FEATURE:1cxx_relaxed_constexpr
    Feature record: CXX_FEATURE:1cxx_return_type_deduction
    Feature record: CXX_FEATURE:1cxx_right_angle_brackets
    Feature record: CXX_FEATURE:1cxx_rvalue_references
    Feature record: CXX_FEATURE:1cxx_sizeof_member
    Feature record: CXX_FEATURE:1cxx_static_assert
    Feature record: CXX_FEATURE:1cxx_strong_enums
    Feature record: CXX_FEATURE:1cxx_template_template_parameters
    Feature record: CXX_FEATURE:1cxx_thread_local
    Feature record: CXX_FEATURE:1cxx_trailing_return_types
    Feature record: CXX_FEATURE:1cxx_unicode_literals
    Feature record: CXX_FEATURE:1cxx_uniform_initialization
    Feature record: CXX_FEATURE:1cxx_unrestricted_unions
    Feature record: CXX_FEATURE:1cxx_user_literals
    Feature record: CXX_FEATURE:1cxx_variable_templates
    Feature record: CXX_FEATURE:1cxx_variadic_macros
    Feature record: CXX_FEATURE:1cxx_variadic_templates


Detecting CXX [-std=c++14] compiler features compiled with the following output:
Change Dir: /Users/rubeen/dev/esp/projects/led-client/build/bootloader/CMakeFiles/CMakeTmp

Run Build Command:"/usr/local/bin/ninja" "cmTC_1e06b"
[1/2] Building CXX object CMakeFiles/cmTC_1e06b.dir/feature_tests.cxx.obj
[2/2] Linking CXX executable cmTC_1e06b
/Users/rubeen/dev/esp/xtensa-esp32-elf/bin/../lib/gcc/xtensa-esp32-elf/5.2.0/../../../../xtensa-esp32-elf/bin/ld: warning: cannot find entry symbol _start; defaulting to 0000000000400074


    Feature record: CXX_FEATURE:1cxx_aggregate_default_initializers
    Feature record: CXX_FEATURE:1cxx_alias_templates
    Feature record: CXX_FEATURE:1cxx_alignas
    Feature record: CXX_FEATURE:1cxx_alignof
    Feature record: CXX_FEATURE:1cxx_attributes
    Feature record: CXX_FEATURE:1cxx_attribute_deprecated
    Feature record: CXX_FEATURE:1cxx_auto_type
    Feature record: CXX_FEATURE:1cxx_binary_literals
    Feature record: CXX_FEATURE:1cxx_constexpr
    Feature record: CXX_FEATURE:1cxx_contextual_conversions
    Feature record: CXX_FEATURE:1cxx_decltype
    Feature record: CXX_FEATURE:1cxx_decltype_auto
    Feature record: CXX_FEATURE:1cxx_decltype_incomplete_return_types
    Feature record: CXX_FEATURE:1cxx_default_function_template_args
    Feature record: CXX_FEATURE:1cxx_defaulted_functions
    Feature record: CXX_FEATURE:1cxx_defaulted_move_initializers
    Feature record: CXX_FEATURE:1cxx_delegating_constructors
    Feature record: CXX_FEATURE:1cxx_deleted_functions
    Feature record: CXX_FEATURE:1cxx_digit_separators
    Feature record: CXX_FEATURE:1cxx_enum_forward_declarations
    Feature record: CXX_FEATURE:1cxx_explicit_conversions
    Feature record: CXX_FEATURE:1cxx_extended_friend_declarations
    Feature record: CXX_FEATURE:1cxx_extern_templates
    Feature record: CXX_FEATURE:1cxx_final
    Feature record: CXX_FEATURE:1cxx_func_identifier
    Feature record: CXX_FEATURE:1cxx_generalized_initializers
    Feature record: CXX_FEATURE:1cxx_generic_lambdas
    Feature record: CXX_FEATURE:1cxx_inheriting_constructors
    Feature record: CXX_FEATURE:1cxx_inline_namespaces
    Feature record: CXX_FEATURE:1cxx_lambdas
    Feature record: CXX_FEATURE:1cxx_lambda_init_captures
    Feature record: CXX_FEATURE:1cxx_local_type_template_args
    Feature record: CXX_FEATURE:1cxx_long_long_type
    Feature record: CXX_FEATURE:1cxx_noexcept
    Feature record: CXX_FEATURE:1cxx_nonstatic_member_init
    Feature record: CXX_FEATURE:1cxx_nullptr
    Feature record: CXX_FEATURE:1cxx_override
    Feature record: CXX_FEATURE:1cxx_range_for
    Feature record: CXX_FEATURE:1cxx_raw_string_literals
    Feature record: CXX_FEATURE:1cxx_reference_qualified_functions
    Feature record: CXX_FEATURE:1cxx_relaxed_constexpr
    Feature record: CXX_FEATURE:1cxx_return_type_deduction
    Feature record: CXX_FEATURE:1cxx_right_angle_brackets
    Feature record: CXX_FEATURE:1cxx_rvalue_references
    Feature record: CXX_FEATURE:1cxx_sizeof_member
    Feature record: CXX_FEATURE:1cxx_static_assert
    Feature record: CXX_FEATURE:1cxx_strong_enums
    Feature record: CXX_FEATURE:1cxx_template_template_parameters
    Feature record: CXX_FEATURE:1cxx_thread_local
    Feature record: CXX_FEATURE:1cxx_trailing_return_types
    Feature record: CXX_FEATURE:1cxx_unicode_literals
    Feature record: CXX_FEATURE:1cxx_uniform_initialization
    Feature record: CXX_FEATURE:1cxx_unrestricted_unions
    Feature record: CXX_FEATURE:1cxx_user_literals
    Feature record: CXX_FEATURE:1cxx_variable_templates
    Feature record: CXX_FEATURE:1cxx_variadic_macros
    Feature record: CXX_FEATURE:1cxx_variadic_templates


Detecting CXX [-std=c++11] compiler features compiled with the following output:
Change Dir: /Users/rubeen/dev/esp/projects/led-client/build/bootloader/CMakeFiles/CMakeTmp

Run Build Command:"/usr/local/bin/ninja" "cmTC_e2670"
[1/2] Building CXX object CMakeFiles/cmTC_e2670.dir/feature_tests.cxx.obj
[2/2] Linking CXX executable cmTC_e2670
/Users/rubeen/dev/esp/xtensa-esp32-elf/bin/../lib/gcc/xtensa-esp32-elf/5.2.0/../../../../xtensa-esp32-elf/bin/ld: warning: cannot find entry symbol _start; defaulting to 0000000000400074


    Feature record: CXX_FEATURE:0cxx_aggregate_default_initializers
    Feature record: CXX_FEATURE:1cxx_alias_templates
    Feature record: CXX_FEATURE:1cxx_alignas
    Feature record: CXX_FEATURE:1cxx_alignof
    Feature record: CXX_FEATURE:1cxx_attributes
    Feature record: CXX_FEATURE:0cxx_attribute_deprecated
    Feature record: CXX_FEATURE:1cxx_auto_type
    Feature record: CXX_FEATURE:0cxx_binary_literals
    Feature record: CXX_FEATURE:1cxx_constexpr
    Feature record: CXX_FEATURE:0cxx_contextual_conversions
    Feature record: CXX_FEATURE:1cxx_decltype
    Feature record: CXX_FEATURE:0cxx_decltype_auto
    Feature record: CXX_FEATURE:1cxx_decltype_incomplete_return_types
    Feature record: CXX_FEATURE:1cxx_default_function_template_args
    Feature record: CXX_FEATURE:1cxx_defaulted_functions
    Feature record: CXX_FEATURE:1cxx_defaulted_move_initializers
    Feature record: CXX_FEATURE:1cxx_delegating_constructors
    Feature record: CXX_FEATURE:1cxx_deleted_functions
    Feature record: CXX_FEATURE:0cxx_digit_separators
    Feature record: CXX_FEATURE:1cxx_enum_forward_declarations
    Feature record: CXX_FEATURE:1cxx_explicit_conversions
    Feature record: CXX_FEATURE:1cxx_extended_friend_declarations
    Feature record: CXX_FEATURE:1cxx_extern_templates
    Feature record: CXX_FEATURE:1cxx_final
    Feature record: CXX_FEATURE:1cxx_func_identifier
    Feature record: CXX_FEATURE:1cxx_generalized_initializers
    Feature record: CXX_FEATURE:0cxx_generic_lambdas
    Feature record: CXX_FEATURE:1cxx_inheriting_constructors
    Feature record: CXX_FEATURE:1cxx_inline_namespaces
    Feature record: CXX_FEATURE:1cxx_lambdas
    Feature record: CXX_FEATURE:0cxx_lambda_init_captures
    Feature record: CXX_FEATURE:1cxx_local_type_template_args
    Feature record: CXX_FEATURE:1cxx_long_long_type
    Feature record: CXX_FEATURE:1cxx_noexcept
    Feature record: CXX_FEATURE:1cxx_nonstatic_member_init
    Feature record: CXX_FEATURE:1cxx_nullptr
    Feature record: CXX_FEATURE:1cxx_override
    Feature record: CXX_FEATURE:1cxx_range_for
    Feature record: CXX_FEATURE:1cxx_raw_string_literals
    Feature record: CXX_FEATURE:1cxx_reference_qualified_functions
    Feature record: CXX_FEATURE:0cxx_relaxed_constexpr
    Feature record: CXX_FEATURE:0cxx_return_type_deduction
    Feature record: CXX_FEATURE:1cxx_right_angle_brackets
    Feature record: CXX_FEATURE:1cxx_rvalue_references
    Feature record: CXX_FEATURE:1cxx_sizeof_member
    Feature record: CXX_FEATURE:1cxx_static_assert
    Feature record: CXX_FEATURE:1cxx_strong_enums
    Feature record: CXX_FEATURE:1cxx_template_template_parameters
    Feature record: CXX_FEATURE:1cxx_thread_local
    Feature record: CXX_FEATURE:1cxx_trailing_return_types
    Feature record: CXX_FEATURE:1cxx_unicode_literals
    Feature record: CXX_FEATURE:1cxx_uniform_initialization
    Feature record: CXX_FEATURE:1cxx_unrestricted_unions
    Feature record: CXX_FEATURE:1cxx_user_literals
    Feature record: CXX_FEATURE:0cxx_variable_templates
    Feature record: CXX_FEATURE:1cxx_variadic_macros
    Feature record: CXX_FEATURE:1cxx_variadic_templates


Detecting CXX [-std=c++98] compiler features compiled with the following output:
Change Dir: /Users/rubeen/dev/esp/projects/led-client/build/bootloader/CMakeFiles/CMakeTmp

Run Build Command:"/usr/local/bin/ninja" "cmTC_af10b"
[1/2] Building CXX object CMakeFiles/cmTC_af10b.dir/feature_tests.cxx.obj
[2/2] Linking CXX executable cmTC_af10b
/Users/rubeen/dev/esp/xtensa-esp32-elf/bin/../lib/gcc/xtensa-esp32-elf/5.2.0/../../../../xtensa-esp32-elf/bin/ld: warning: cannot find entry symbol _start; defaulting to 0000000000400074


    Feature record: CXX_FEATURE:0cxx_aggregate_default_initializers
    Feature record: CXX_FEATURE:0cxx_alias_templates
    Feature record: CXX_FEATURE:0cxx_alignas
    Feature record: CXX_FEATURE:0cxx_alignof
    Feature record: CXX_FEATURE:0cxx_attributes
    Feature record: CXX_FEATURE:0cxx_attribute_deprecated
    Feature record: CXX_FEATURE:0cxx_auto_type
    Feature record: CXX_FEATURE:0cxx_binary_literals
    Feature record: CXX_FEATURE:0cxx_constexpr
    Feature record: CXX_FEATURE:0cxx_contextual_conversions
    Feature record: CXX_FEATURE:0cxx_decltype
    Feature record: CXX_FEATURE:0cxx_decltype_auto
    Feature record: CXX_FEATURE:0cxx_decltype_incomplete_return_types
    Feature record: CXX_FEATURE:0cxx_default_function_template_args
    Feature record: CXX_FEATURE:0cxx_defaulted_functions
    Feature record: CXX_FEATURE:0cxx_defaulted_move_initializers
    Feature record: CXX_FEATURE:0cxx_delegating_constructors
    Feature record: CXX_FEATURE:0cxx_deleted_functions
    Feature record: CXX_FEATURE:0cxx_digit_separators
    Feature record: CXX_FEATURE:0cxx_enum_forward_declarations
    Feature record: CXX_FEATURE:0cxx_explicit_conversions
    Feature record: CXX_FEATURE:0cxx_extended_friend_declarations
    Feature record: CXX_FEATURE:0cxx_extern_templates
    Feature record: CXX_FEATURE:0cxx_final
    Feature record: CXX_FEATURE:0cxx_func_identifier
    Feature record: CXX_FEATURE:0cxx_generalized_initializers
    Feature record: CXX_FEATURE:0cxx_generic_lambdas
    Feature record: CXX_FEATURE:0cxx_inheriting_constructors
    Feature record: CXX_FEATURE:0cxx_inline_namespaces
    Feature record: CXX_FEATURE:0cxx_lambdas
    Feature record: CXX_FEATURE:0cxx_lambda_init_captures
    Feature record: CXX_FEATURE:0cxx_local_type_template_args
    Feature record: CXX_FEATURE:0cxx_long_long_type
    Feature record: CXX_FEATURE:0cxx_noexcept
    Feature record: CXX_FEATURE:0cxx_nonstatic_member_init
    Feature record: CXX_FEATURE:0cxx_nullptr
    Feature record: CXX_FEATURE:0cxx_override
    Feature record: CXX_FEATURE:0cxx_range_for
    Feature record: CXX_FEATURE:0cxx_raw_string_literals
    Feature record: CXX_FEATURE:0cxx_reference_qualified_functions
    Feature record: CXX_FEATURE:0cxx_relaxed_constexpr
    Feature record: CXX_FEATURE:0cxx_return_type_deduction
    Feature record: CXX_FEATURE:0cxx_right_angle_brackets
    Feature record: CXX_FEATURE:0cxx_rvalue_references
    Feature record: CXX_FEATURE:0cxx_sizeof_member
    Feature record: CXX_FEATURE:0cxx_static_assert
    Feature record: CXX_FEATURE:0cxx_strong_enums
    Feature record: CXX_FEATURE:1cxx_template_template_parameters
    Feature record: CXX_FEATURE:0cxx_thread_local
    Feature record: CXX_FEATURE:0cxx_trailing_return_types
    Feature record: CXX_FEATURE:0cxx_unicode_literals
    Feature record: CXX_FEATURE:0cxx_uniform_initialization
    Feature record: CXX_FEATURE:0cxx_unrestricted_unions
    Feature record: CXX_FEATURE:0cxx_user_literals
    Feature record: CXX_FEATURE:0cxx_variable_templates
    Feature record: CXX_FEATURE:0cxx_variadic_macros
    Feature record: CXX_FEATURE:0cxx_variadic_templates
